[2023-06-24T17:25:31+05:30 [Asia/Kolkata]] "POST /api/v1/auth/login" 404 47 42.860 ms  ::1 ipAdress 
[2023-06-24T17:25:51+05:30 [Asia/Kolkata]] "POST /api/v1/auth/login" 200 200 171.036 ms  ::1 ipAdress 
[2023-06-24T17:25:52+05:30 [Asia/Kolkata]] "GET /api/v1/getMyInfo" 200 - 203.283 ms  ::1 ipAdress 
[2023-06-24T17:25:52+05:30 [Asia/Kolkata]] "GET /api/v1/getFeedData" 200 - 196.245 ms  ::1 ipAdress 
[2023-06-24T17:26:08+05:30 [Asia/Kolkata]] "POST /api/v1/follow" 201 54 200.324 ms  ::1 ipAdress 
[2023-06-24T17:26:08+05:30 [Asia/Kolkata]] "GET /api/v1/getFeedData" 200 - 224.403 ms  ::1 ipAdress 
[2023-06-24T17:26:13+05:30 [Asia/Kolkata]] "POST /api/v1/getUserProfile" 200 - 117.935 ms  ::1 ipAdress 
[2023-06-24T17:26:29+05:30 [Asia/Kolkata]] "POST /api/v1/create" 201 390 2772.565 ms  ::1 ipAdress 
[2023-06-24T17:26:29+05:30 [Asia/Kolkata]] "POST /api/v1/getUserProfile" 200 - 153.890 ms  ::1 ipAdress 
[2023-06-24T17:28:27+05:30 [Asia/Kolkata]] "GET /api/v1/getMyInfo" 200 - 158.308 ms  ::1 ipAdress 
[2023-06-24T17:28:27+05:30 [Asia/Kolkata]] "POST /api/v1/getUserProfile" 200 - 175.738 ms  ::1 ipAdress 
[2023-06-24T17:28:50+05:30 [Asia/Kolkata]] "POST /api/v1/create" 201 390 2624.739 ms  ::1 ipAdress 
[2023-06-24T17:28:50+05:30 [Asia/Kolkata]] "POST /api/v1/getUserProfile" 200 - 165.728 ms  ::1 ipAdress 
[2023-06-24T17:29:02+05:30 [Asia/Kolkata]] "POST /api/v1/create" 201 390 2815.977 ms  ::1 ipAdress 
[2023-06-24T17:29:03+05:30 [Asia/Kolkata]] "POST /api/v1/getUserProfile" 200 - 155.397 ms  ::1 ipAdress 
[2023-06-24T17:29:15+05:30 [Asia/Kolkata]] "POST /api/v1/create" 201 390 2892.935 ms  ::1 ipAdress 
[2023-06-24T17:29:15+05:30 [Asia/Kolkata]] "POST /api/v1/getUserProfile" 200 - 143.940 ms  ::1 ipAdress 
[2023-06-24T18:19:07+05:30 [Asia/Kolkata]] "GET /api/v1/getMyInfo" 200 57 65.913 ms  ::1 ipAdress 
[2023-06-24T18:19:07+05:30 [Asia/Kolkata]] "GET /api/v1/getFeedData" 400 12 66.730 ms  ::1 ipAdress 
[2023-06-24T18:19:22+05:30 [Asia/Kolkata]] "GET /api/v1/getMyInfo" 304 - 46.748 ms  ::1 ipAdress 
[2023-06-24T18:19:22+05:30 [Asia/Kolkata]] "GET /api/v1/getFeedData" 400 12 50.666 ms  ::1 ipAdress 
[2023-06-24T18:19:24+05:30 [Asia/Kolkata]] "GET /api/v1/getMyInfo" 304 - 36.922 ms  ::1 ipAdress 
[2023-06-24T18:19:24+05:30 [Asia/Kolkata]] "GET /api/v1/getFeedData" 400 12 37.710 ms  ::1 ipAdress 
[2023-06-24T18:20:19+05:30 [Asia/Kolkata]] "GET /api/v1/getMyInfo" 304 - 79.154 ms  ::1 ipAdress 
[2023-06-24T18:20:19+05:30 [Asia/Kolkata]] "GET /api/v1/getFeedData" 400 12 81.446 ms  ::1 ipAdress 
[2023-06-24T18:20:35+05:30 [Asia/Kolkata]] "GET /api/v1/getMyInfo" 304 - 95.553 ms  ::1 ipAdress 
[2023-06-24T18:20:35+05:30 [Asia/Kolkata]] "GET /api/v1/getFeedData" 400 12 99.074 ms  ::1 ipAdress 
[2023-06-24T18:21:34+05:30 [Asia/Kolkata]] "GET /api/v1/getMyInfo" 304 - 87.743 ms  ::1 ipAdress 
[2023-06-24T18:21:34+05:30 [Asia/Kolkata]] "GET /api/v1/getFeedData" 400 12 89.923 ms  ::1 ipAdress 
[2023-06-24T18:25:02+05:30 [Asia/Kolkata]] "GET /api/v1/getMyInfo" 304 - 89.634 ms  ::1 ipAdress 
[2023-06-24T18:25:02+05:30 [Asia/Kolkata]] "GET /api/v1/getFeedData" 400 12 92.314 ms  ::1 ipAdress 
[2023-06-24T18:25:47+05:30 [Asia/Kolkata]] "POST /api/v1/auth/login" 200 200 116.766 ms  ::1 ipAdress 
[2023-06-24T18:25:47+05:30 [Asia/Kolkata]] "GET /api/v1/getMyInfo" 200 - 117.992 ms  ::1 ipAdress 
[2023-06-24T18:25:48+05:30 [Asia/Kolkata]] "GET /api/v1/getFeedData" 200 - 210.787 ms  ::1 ipAdress 
[2023-06-24T18:25:52+05:30 [Asia/Kolkata]] "POST /api/v1/getUserProfile" 200 - 401.199 ms  ::1 ipAdress 
[2023-06-24T18:36:40+05:30 [Asia/Kolkata]] "GET /api/v1/getMyInfo" 304 - 277.770 ms  ::1 ipAdress 
[2023-06-24T18:36:40+05:30 [Asia/Kolkata]] "POST /api/v1/getUserProfile" 200 - 268.697 ms  ::1 ipAdress 
[2023-06-24T18:36:42+05:30 [Asia/Kolkata]] "GET /api/v1/getMyInfo" 304 - 295.451 ms  ::1 ipAdress 
[2023-06-24T18:36:42+05:30 [Asia/Kolkata]] "POST /api/v1/getUserProfile" 200 - 296.209 ms  ::1 ipAdress 
[2023-06-24T18:36:43+05:30 [Asia/Kolkata]] "GET /api/v1/getMyInfo" 304 - 213.272 ms  ::1 ipAdress 
[2023-06-24T18:36:43+05:30 [Asia/Kolkata]] "POST /api/v1/getUserProfile" 200 - 213.879 ms  ::1 ipAdress 
[2023-06-24T18:36:51+05:30 [Asia/Kolkata]] "GET /api/v1/getMyInfo" 304 - 288.212 ms  ::1 ipAdress 
[2023-06-24T18:36:51+05:30 [Asia/Kolkata]] "POST /api/v1/getUserProfile" 200 - 284.016 ms  ::1 ipAdress 
[2023-06-24T18:36:51+05:30 [Asia/Kolkata]] "GET /api/v1/getMyInfo" 304 - 211.670 ms  ::1 ipAdress 
[2023-06-24T18:36:51+05:30 [Asia/Kolkata]] "POST /api/v1/getUserProfile" 200 - 215.261 ms  ::1 ipAdress 
[2023-06-24T18:36:53+05:30 [Asia/Kolkata]] "GET /api/v1/getMyInfo" 304 - 327.940 ms  ::1 ipAdress 
[2023-06-24T18:36:53+05:30 [Asia/Kolkata]] "POST /api/v1/getUserProfile" 200 - 328.735 ms  ::1 ipAdress 
[2023-06-24T18:36:55+05:30 [Asia/Kolkata]] "GET /api/v1/getMyInfo" 304 - 1594.836 ms  ::1 ipAdress 
[2023-06-24T18:36:55+05:30 [Asia/Kolkata]] "POST /api/v1/getUserProfile" 200 - 1593.759 ms  ::1 ipAdress 
[2023-06-24T18:38:30+05:30 [Asia/Kolkata]] "POST /api/v1/like" 200 578 205.672 ms  ::1 ipAdress 
[2023-06-24T18:39:05+05:30 [Asia/Kolkata]] "POST /api/v1/like" 200 569 184.925 ms  ::1 ipAdress 
[2023-06-24T18:39:08+05:30 [Asia/Kolkata]] "POST /api/v1/like" 200 578 135.808 ms  ::1 ipAdress 
[2023-06-24T18:42:04+05:30 [Asia/Kolkata]] "GET /api/v1/getMyInfo" 304 - 195.769 ms  ::1 ipAdress 
[2023-06-24T18:42:04+05:30 [Asia/Kolkata]] "POST /api/v1/getUserProfile" 200 - 191.705 ms  ::1 ipAdress 
[2023-06-24T18:42:34+05:30 [Asia/Kolkata]] "POST /api/v1/getUserProfile" 200 - 213.651 ms  ::1 ipAdress 
[2023-06-24T18:42:34+05:30 [Asia/Kolkata]] "GET /api/v1/getMyInfo" 304 - 219.054 ms  ::1 ipAdress 
[2023-06-24T18:42:39+05:30 [Asia/Kolkata]] "GET /api/v1/getMyInfo" - - - ms  ::1 ipAdress 
[2023-06-24T18:42:39+05:30 [Asia/Kolkata]] "POST /api/v1/getUserProfile" - - - ms  ::1 ipAdress 
[2023-06-24T18:42:40+05:30 [Asia/Kolkata]] "GET /api/v1/getMyInfo" 200 - 193.711 ms  ::1 ipAdress 
[2023-06-24T18:42:40+05:30 [Asia/Kolkata]] "POST /api/v1/getUserProfile" 200 - 191.751 ms  ::1 ipAdress 
[2023-06-24T18:42:47+05:30 [Asia/Kolkata]] "GET /api/v1/getMyInfo" 304 - 449.562 ms  ::1 ipAdress 
[2023-06-24T18:42:47+05:30 [Asia/Kolkata]] "POST /api/v1/getUserProfile" 200 - 449.732 ms  ::1 ipAdress 
[2023-06-24T18:42:51+05:30 [Asia/Kolkata]] "GET /api/v1/getMyInfo" 304 - 232.270 ms  ::1 ipAdress 
[2023-06-24T18:42:51+05:30 [Asia/Kolkata]] "POST /api/v1/getUserProfile" 200 - 233.224 ms  ::1 ipAdress 
[2023-06-24T18:42:55+05:30 [Asia/Kolkata]] "POST /api/v1/getUserProfile" 200 - 436.524 ms  ::1 ipAdress 
[2023-06-24T18:42:55+05:30 [Asia/Kolkata]] "GET /api/v1/getMyInfo" 304 - 439.908 ms  ::1 ipAdress 
[2023-06-24T18:42:58+05:30 [Asia/Kolkata]] "GET /api/v1/getMyInfo" 304 - 147.251 ms  ::1 ipAdress 
[2023-06-24T18:42:58+05:30 [Asia/Kolkata]] "POST /api/v1/getUserProfile" 200 - 146.608 ms  ::1 ipAdress 
[2023-06-24T18:45:23+05:30 [Asia/Kolkata]] "GET /api/v1/getFeedData" 200 - 551.910 ms  ::1 ipAdress 
[2023-06-24T18:45:35+05:30 [Asia/Kolkata]] "POST /api/v1/getUserProfile" 200 - 300.651 ms  ::1 ipAdress 
[2023-06-24T18:45:44+05:30 [Asia/Kolkata]] "POST /api/v1/like" 200 569 219.036 ms  ::1 ipAdress 
[2023-06-24T18:45:44+05:30 [Asia/Kolkata]] "POST /api/v1/getUserProfile" 200 - 246.615 ms  ::1 ipAdress 
[2023-06-24T18:46:21+05:30 [Asia/Kolkata]] "GET /api/v1/getFeedData" 200 - 6813.438 ms  ::1 ipAdress 
[2023-06-24T18:46:33+05:30 [Asia/Kolkata]] "POST /api/v1/getUserProfile" 200 - 986.578 ms  ::1 ipAdress 
[2023-06-24T18:46:42+05:30 [Asia/Kolkata]] "GET /api/v1/getFeedData" 304 - 2615.917 ms  ::1 ipAdress 
[2023-06-24T18:46:58+05:30 [Asia/Kolkata]] "POST /api/v1/getUserProfile" 200 - 275.865 ms  ::1 ipAdress 
[2023-06-24T18:54:08+05:30 [Asia/Kolkata]] "POST /api/v1/like" 200 578 197.178 ms  ::1 ipAdress 
[2023-06-24T18:54:08+05:30 [Asia/Kolkata]] "POST /api/v1/getUserProfile" 200 - 321.972 ms  ::1 ipAdress 
[2023-06-24T18:55:12+05:30 [Asia/Kolkata]] "POST /api/v1/getUserProfile" 200 - 290.573 ms  ::1 ipAdress 
[2023-06-24T18:55:12+05:30 [Asia/Kolkata]] "POST /api/v1/getUserProfile" 200 - 288.047 ms  ::1 ipAdress 
[2023-06-24T18:55:13+05:30 [Asia/Kolkata]] "POST /api/v1/getUserProfile" 200 - 199.543 ms  ::1 ipAdress 
[2023-06-24T18:55:15+05:30 [Asia/Kolkata]] "POST /api/v1/getUserProfile" 200 - 510.863 ms  ::1 ipAdress 
[2023-06-24T18:55:26+05:30 [Asia/Kolkata]] "GET /api/v1/getMyInfo" 304 - 318.688 ms  ::1 ipAdress 
[2023-06-24T18:55:26+05:30 [Asia/Kolkata]] "POST /api/v1/getUserProfile" 200 - 318.920 ms  ::1 ipAdress 
[2023-06-24T18:55:29+05:30 [Asia/Kolkata]] "GET /api/v1/getFeedData" 200 - 448.745 ms  ::1 ipAdress 
[2023-06-24T18:55:32+05:30 [Asia/Kolkata]] "POST /api/v1/getUserProfile" 200 - 401.911 ms  ::1 ipAdress 
[2023-06-24T18:55:36+05:30 [Asia/Kolkata]] "POST /api/v1/like" 200 569 247.527 ms  ::1 ipAdress 
[2023-06-24T18:55:41+05:30 [Asia/Kolkata]] "GET /api/v1/getFeedData" 200 - 467.935 ms  ::1 ipAdress 
[2023-06-24T18:55:46+05:30 [Asia/Kolkata]] "POST /api/v1/like" 200 578 417.241 ms  ::1 ipAdress 
[2023-06-24T18:55:53+05:30 [Asia/Kolkata]] "POST /api/v1/getUserProfile" 200 - 219.845 ms  ::1 ipAdress 
[2023-06-24T18:55:56+05:30 [Asia/Kolkata]] "POST /api/v1/follow" 200 56 417.297 ms  ::1 ipAdress 
[2023-06-24T18:55:56+05:30 [Asia/Kolkata]] "GET /api/v1/getFeedData" 200 - 188.196 ms  ::1 ipAdress 
[2023-06-24T18:56:40+05:30 [Asia/Kolkata]] "POST /api/v1/getUserProfile" 200 - 245.452 ms  ::1 ipAdress 
[2023-06-24T19:01:23+05:30 [Asia/Kolkata]] "POST /api/v1/follow" 201 54 253.082 ms  ::1 ipAdress 
[2023-06-24T19:01:23+05:30 [Asia/Kolkata]] "GET /api/v1/getFeedData" 200 - 621.899 ms  ::1 ipAdress 
[2023-06-24T19:11:14+05:30 [Asia/Kolkata]] "POST /api/v1/getUserProfile" 200 - 169.813 ms  ::1 ipAdress 
[2023-06-24T19:11:16+05:30 [Asia/Kolkata]] "POST /api/v1/getUserProfile" 200 - 172.595 ms  ::1 ipAdress 
[2023-06-24T19:11:42+05:30 [Asia/Kolkata]] "GET /api/v1/getMyInfo" 200 - 402.273 ms  ::1 ipAdress 
[2023-06-24T19:11:42+05:30 [Asia/Kolkata]] "POST /api/v1/getUserProfile" 200 - 405.157 ms  ::1 ipAdress 
[2023-06-24T19:11:44+05:30 [Asia/Kolkata]] "POST /api/v1/follow" 200 56 216.007 ms  ::1 ipAdress 
[2023-06-24T19:11:45+05:30 [Asia/Kolkata]] "GET /api/v1/getFeedData" 200 - 268.140 ms  ::1 ipAdress 
[2023-06-24T19:12:39+05:30 [Asia/Kolkata]] "POST /api/v1/getUserProfile" 200 - 368.424 ms  ::1 ipAdress 
[2023-06-24T19:12:39+05:30 [Asia/Kolkata]] "GET /api/v1/getMyInfo" 200 - 372.152 ms  ::1 ipAdress 
[2023-06-24T19:12:42+05:30 [Asia/Kolkata]] "POST /api/v1/follow" 201 54 426.124 ms  ::1 ipAdress 
[2023-06-24T19:12:42+05:30 [Asia/Kolkata]] "GET /api/v1/getFeedData" 200 - 394.196 ms  ::1 ipAdress 
[2023-06-24T19:13:15+05:30 [Asia/Kolkata]] "GET /api/v1/getFeedData" 304 - 428.273 ms  ::1 ipAdress 
[2023-06-24T19:18:07+05:30 [Asia/Kolkata]] "GET /api/v1/getMyInfo" 200 - 373.034 ms  ::1 ipAdress 
[2023-06-24T19:18:07+05:30 [Asia/Kolkata]] "GET /api/v1/getFeedData" 304 - 568.715 ms  ::1 ipAdress 
[2023-06-24T19:18:42+05:30 [Asia/Kolkata]] "POST /api/v1/follow" 201 54 266.084 ms  ::1 ipAdress 
[2023-06-24T19:18:43+05:30 [Asia/Kolkata]] "GET /api/v1/getFeedData" 200 - 695.967 ms  ::1 ipAdress 
[2023-06-24T19:18:45+05:30 [Asia/Kolkata]] "POST /api/v1/follow" 200 56 222.643 ms  ::1 ipAdress 
[2023-06-24T19:18:45+05:30 [Asia/Kolkata]] "GET /api/v1/getFeedData" 200 - 557.803 ms  ::1 ipAdress 
[2023-06-24T19:19:14+05:30 [Asia/Kolkata]] "POST /api/v1/getUserProfile" 200 - 512.627 ms  ::1 ipAdress 
[2023-06-24T19:19:48+05:30 [Asia/Kolkata]] "POST /api/v1/create" 201 394 2129.453 ms  ::1 ipAdress 
[2023-06-24T19:19:48+05:30 [Asia/Kolkata]] "POST /api/v1/getUserProfile" 200 - 268.121 ms  ::1 ipAdress 
[2023-06-24T19:20:41+05:30 [Asia/Kolkata]] "POST /api/v1/create" 201 392 1464.396 ms  ::1 ipAdress 
[2023-06-24T19:20:41+05:30 [Asia/Kolkata]] "POST /api/v1/getUserProfile" 200 - 234.800 ms  ::1 ipAdress 
[2023-06-24T19:20:52+05:30 [Asia/Kolkata]] "POST /api/v1/create" 201 391 2892.024 ms  ::1 ipAdress 
[2023-06-24T19:20:52+05:30 [Asia/Kolkata]] "POST /api/v1/getUserProfile" 200 - 252.432 ms  ::1 ipAdress 
[2023-06-24T19:21:03+05:30 [Asia/Kolkata]] "POST /api/v1/create" 201 391 2872.161 ms  ::1 ipAdress 
[2023-06-24T19:21:03+05:30 [Asia/Kolkata]] "POST /api/v1/getUserProfile" 200 - 283.334 ms  ::1 ipAdress 
[2023-06-24T19:33:19+05:30 [Asia/Kolkata]] "GET /api/v1/getMyInfo" 200 - 262.845 ms  ::1 ipAdress 
[2023-06-24T19:33:19+05:30 [Asia/Kolkata]] "POST /api/v1/getUserProfile" 200 - 265.613 ms  ::1 ipAdress 
[2023-06-24T20:18:15+05:30 [Asia/Kolkata]] "POST /api/v1/auth/login" 200 200 147.738 ms  ::1 ipAdress 
[2023-06-24T20:20:19+05:30 [Asia/Kolkata]] "GET /api/v1/getMyInfo" 304 - 346.168 ms  ::1 ipAdress 
[2023-06-24T20:20:19+05:30 [Asia/Kolkata]] "POST /api/v1/getUserProfile" 200 - 352.929 ms  ::1 ipAdress 
[2023-06-24T20:20:45+05:30 [Asia/Kolkata]] "POST /api/v1/create" 201 391 2009.631 ms  ::1 ipAdress 
[2023-06-24T20:20:45+05:30 [Asia/Kolkata]] "POST /api/v1/getUserProfile" 200 - 391.433 ms  ::1 ipAdress 
[2023-06-24T20:23:29+05:30 [Asia/Kolkata]] "POST /api/v1/create" 201 417 2308.565 ms  ::1 ipAdress 
[2023-06-24T20:23:50+05:30 [Asia/Kolkata]] "POST /api/v1/create" 201 417 1718.158 ms  ::1 ipAdress 
[2023-06-24T20:24:17+05:30 [Asia/Kolkata]] "POST /api/v1/create" 201 417 1697.666 ms  ::1 ipAdress 
[2023-06-24T20:24:50+05:30 [Asia/Kolkata]] "GET /api/v1/getMyInfo" 200 - 346.673 ms  ::1 ipAdress 
[2023-06-24T20:24:50+05:30 [Asia/Kolkata]] "POST /api/v1/getUserProfile" 200 - 347.694 ms  ::1 ipAdress 
[2023-06-24T20:32:02+05:30 [Asia/Kolkata]] "POST /api/v1/create" 201 417 2026.661 ms  ::1 ipAdress 
[2023-06-24T20:32:12+05:30 [Asia/Kolkata]] "POST /api/v1/create" 201 417 1752.264 ms  ::1 ipAdress 
[2023-06-24T20:32:30+05:30 [Asia/Kolkata]] "POST /api/v1/create" 201 417 2236.491 ms  ::1 ipAdress 
[2023-06-24T20:35:32+05:30 [Asia/Kolkata]] "POST /api/v1/create" 201 417 1997.567 ms  ::1 ipAdress 
[2023-06-24T20:35:41+05:30 [Asia/Kolkata]] "POST /api/v1/create" 201 417 1683.583 ms  ::1 ipAdress 
[2023-06-24T20:38:50+05:30 [Asia/Kolkata]] "GET /" 200 11 3.793 ms  ::1 ipAdress 
[2023-06-24T20:38:50+05:30 [Asia/Kolkata]] "GET /favicon.ico" 404 150 2.264 ms  ::1 ipAdress 
[2023-06-24T20:38:52+05:30 [Asia/Kolkata]] "GET /" 429 68 1.166 ms  ::1 ipAdress 
[2023-06-24T20:39:13+05:30 [Asia/Kolkata]] "GET /" 200 11 4.333 ms  ::1 ipAdress 
[2023-06-24T20:39:15+05:30 [Asia/Kolkata]] "GET /" 429 68 1.219 ms  ::1 ipAdress 
[2023-06-24T20:39:15+05:30 [Asia/Kolkata]] "GET /" 429 68 0.756 ms  ::1 ipAdress 
[2023-06-24T20:39:16+05:30 [Asia/Kolkata]] "GET /" 429 68 0.540 ms  ::1 ipAdress 
[2023-06-24T20:39:16+05:30 [Asia/Kolkata]] "GET /" 429 68 0.602 ms  ::1 ipAdress 
[2023-06-24T20:39:17+05:30 [Asia/Kolkata]] "GET /" 429 68 0.645 ms  ::1 ipAdress 
[2023-06-24T20:39:17+05:30 [Asia/Kolkata]] "GET /" 429 68 0.600 ms  ::1 ipAdress 
[2023-06-24T20:39:17+05:30 [Asia/Kolkata]] "GET /" 429 68 0.345 ms  ::1 ipAdress 
[2023-06-24T20:39:17+05:30 [Asia/Kolkata]] "GET /" 429 68 0.923 ms  ::1 ipAdress 
[2023-06-24T20:39:18+05:30 [Asia/Kolkata]] "GET /" 429 68 0.839 ms  ::1 ipAdress 
[2023-06-24T20:39:18+05:30 [Asia/Kolkata]] "GET /" 429 68 0.652 ms  ::1 ipAdress 
[2023-06-24T20:39:22+05:30 [Asia/Kolkata]] "GET /" 429 68 0.687 ms  ::1 ipAdress 
[2023-06-24T20:39:22+05:30 [Asia/Kolkata]] "GET /" 429 68 0.697 ms  ::1 ipAdress 
[2023-06-24T20:39:23+05:30 [Asia/Kolkata]] "GET /" 429 68 0.521 ms  ::1 ipAdress 
[2023-06-24T20:39:23+05:30 [Asia/Kolkata]] "GET /" 429 68 0.628 ms  ::1 ipAdress 
[2023-06-24T20:39:23+05:30 [Asia/Kolkata]] "GET /" 429 68 0.383 ms  ::1 ipAdress 
[2023-06-24T20:39:24+05:30 [Asia/Kolkata]] "GET /" 429 68 0.571 ms  ::1 ipAdress 
[2023-06-24T20:39:24+05:30 [Asia/Kolkata]] "GET /" 429 68 0.711 ms  ::1 ipAdress 
[2023-06-24T20:39:24+05:30 [Asia/Kolkata]] "GET /" 429 68 0.370 ms  ::1 ipAdress 
[2023-06-24T20:39:24+05:30 [Asia/Kolkata]] "GET /" 429 68 0.411 ms  ::1 ipAdress 
[2023-06-24T20:39:25+05:30 [Asia/Kolkata]] "GET /" 429 68 0.624 ms  ::1 ipAdress 
[2023-06-24T20:39:25+05:30 [Asia/Kolkata]] "GET /" 429 68 0.410 ms  ::1 ipAdress 
[2023-06-24T20:39:25+05:30 [Asia/Kolkata]] "GET /" 429 68 0.534 ms  ::1 ipAdress 
[2023-06-24T20:39:25+05:30 [Asia/Kolkata]] "GET /" 429 68 0.363 ms  ::1 ipAdress 
[2023-06-24T20:39:25+05:30 [Asia/Kolkata]] "GET /" 429 68 0.330 ms  ::1 ipAdress 
[2023-06-24T20:39:26+05:30 [Asia/Kolkata]] "GET /" 429 68 0.322 ms  ::1 ipAdress 
[2023-06-24T20:39:26+05:30 [Asia/Kolkata]] "GET /" 429 68 0.358 ms  ::1 ipAdress 
[2023-06-24T20:42:52+05:30 [Asia/Kolkata]] "GET /" 200 11 7.599 ms  ::1 ipAdress 
[2023-06-24T20:42:53+05:30 [Asia/Kolkata]] "GET /" 429 68 2.192 ms  ::1 ipAdress 
[2023-06-24T20:43:49+05:30 [Asia/Kolkata]] "POST /api/v1/create" 201 417 2397.715 ms  ::1 ipAdress 
[2023-06-24T20:43:51+05:30 [Asia/Kolkata]] "POST /api/v1/create" 429 68 3.250 ms  ::1 ipAdress 
[2023-06-24T20:43:53+05:30 [Asia/Kolkata]] "POST /api/v1/create" 429 68 0.681 ms  ::1 ipAdress 
[2023-06-24T20:43:54+05:30 [Asia/Kolkata]] "POST /api/v1/create" 429 68 1.687 ms  ::1 ipAdress 
[2023-06-24T20:43:54+05:30 [Asia/Kolkata]] "POST /api/v1/create" 429 68 0.718 ms  ::1 ipAdress 
[2023-06-24T20:43:59+05:30 [Asia/Kolkata]] "POST /api/v1/create" 429 68 0.665 ms  ::1 ipAdress 
[2023-06-24T20:44:00+05:30 [Asia/Kolkata]] "POST /api/v1/create" 429 68 0.337 ms  ::1 ipAdress 
[2023-06-24T20:44:43+05:30 [Asia/Kolkata]] "POST /api/v1/create" 201 417 2594.522 ms  ::1 ipAdress 
[2023-06-24T20:44:46+05:30 [Asia/Kolkata]] "POST /api/v1/create" 429 68 2.695 ms  ::1 ipAdress 
[2023-06-24T20:44:47+05:30 [Asia/Kolkata]] "POST /api/v1/create" 429 68 0.887 ms  ::1 ipAdress 
[2023-06-24T20:44:48+05:30 [Asia/Kolkata]] "POST /api/v1/create" 429 68 1.542 ms  ::1 ipAdress 
[2023-06-24T20:45:25+05:30 [Asia/Kolkata]] "POST /api/v1/create" 201 417 1895.177 ms  ::1 ipAdress 
[2023-06-24T20:45:28+05:30 [Asia/Kolkata]] "POST /api/v1/create" 429 68 2.124 ms  ::1 ipAdress 
[2023-06-24T20:45:29+05:30 [Asia/Kolkata]] "POST /api/v1/create" 429 68 0.787 ms  ::1 ipAdress 
[2023-06-24T20:45:29+05:30 [Asia/Kolkata]] "POST /api/v1/create" 429 68 1.611 ms  ::1 ipAdress 
[2023-06-24T20:45:30+05:30 [Asia/Kolkata]] "POST /api/v1/create" 429 68 0.755 ms  ::1 ipAdress 
[2023-06-24T20:45:31+05:30 [Asia/Kolkata]] "POST /api/v1/create" 429 68 1.114 ms  ::1 ipAdress 
[2023-06-24T20:45:31+05:30 [Asia/Kolkata]] "POST /api/v1/create" 429 68 0.866 ms  ::1 ipAdress 
[2023-06-24T20:45:31+05:30 [Asia/Kolkata]] "POST /api/v1/create" 429 68 1.373 ms  ::1 ipAdress 
[2023-06-24T20:45:32+05:30 [Asia/Kolkata]] "POST /api/v1/create" 429 68 1.255 ms  ::1 ipAdress 
[2023-06-25T19:34:52+05:30 [Asia/Kolkata]] "GET /" 404 139 2.461 ms  ::ffff:127.0.0.1 ipAdress 
[2023-06-25T19:35:34+05:30 [Asia/Kolkata]] "GET /" 404 139 1.646 ms  ::ffff:127.0.0.1 ipAdress 
[2023-06-25T19:37:02+05:30 [Asia/Kolkata]] "GET /" 200 11 1.072 ms  ::ffff:127.0.0.1 ipAdress 
[2023-06-25T19:38:28+05:30 [Asia/Kolkata]] "GET /" 200 11 1.763 ms  ::ffff:127.0.0.1 ipAdress 
[2023-06-25T19:39:12+05:30 [Asia/Kolkata]] "GET /" 200 11 1.667 ms  ::ffff:127.0.0.1 ipAdress 
[2023-06-25T19:44:56+05:30 [Asia/Kolkata]] "GET /api/v1/getMyInfo" 200 - 257.953 ms  ::1 ipAdress 
[2023-06-25T19:44:56+05:30 [Asia/Kolkata]] "POST /api/v1/getUserProfile" 200 - 254.924 ms  ::1 ipAdress 
[2023-06-25T19:44:58+05:30 [Asia/Kolkata]] "GET /api/v1/getFeedData" 200 - 397.924 ms  ::1 ipAdress 
[2023-06-25T19:45:45+05:30 [Asia/Kolkata]] "POST /api/v1/auth/login" 200 200 121.513 ms  ::1 ipAdress 
[2023-06-25T19:45:45+05:30 [Asia/Kolkata]] "GET /api/v1/getMyInfo" 304 - 126.303 ms  ::1 ipAdress 
[2023-06-25T19:45:45+05:30 [Asia/Kolkata]] "GET /api/v1/getFeedData" 304 - 181.025 ms  ::1 ipAdress 
[2023-06-25T20:06:36+05:30 [Asia/Kolkata]] "GET /" 200 11 2.168 ms  ::ffff:127.0.0.1 ipAdress 
[2023-06-25T20:07:11+05:30 [Asia/Kolkata]] "GET /" 200 11 3.134 ms  ::1 ipAdress 
[2023-06-25T20:07:11+05:30 [Asia/Kolkata]] "GET /favicon.ico" 404 150 3.054 ms  ::1 ipAdress 
[2023-06-25T20:09:03+05:30 [Asia/Kolkata]] "GET /" 304 - 6.693 ms  ::1 ipAdress 
[2023-06-25T20:52:40+05:30 [Asia/Kolkata]] "GET /" 500 - 3.885 ms  ::1 ipAdress 
[2023-06-25T20:54:38+05:30 [Asia/Kolkata]] "GET /" 200 11 2.916 ms  ::1 ipAdress 
[2023-06-25T20:55:13+05:30 [Asia/Kolkata]] "GET /" 304 - 3.815 ms  ::1 ipAdress 
[2023-06-25T20:56:43+05:30 [Asia/Kolkata]] "GET /" 304 - 2.935 ms  ::1 ipAdress 
[2023-06-25T20:57:11+05:30 [Asia/Kolkata]] "GET /" 304 - 3.427 ms  ::1 ipAdress 
[2023-06-25T22:38:09+05:30 [Asia/Kolkata]] "GET /" 200 11 2.389 ms  ::1 ipAdress "macOS" userDevice
[2023-06-25T22:38:20+05:30 [Asia/Kolkata]] "GET /" 304 - 2.736 ms  ::1 ipAdress "macOS" userDevice
[2023-06-25T22:38:20+05:30 [Asia/Kolkata]] "GET /" 304 - 0.520 ms  ::1 ipAdress "macOS" userDevice
[2023-06-25T22:38:21+05:30 [Asia/Kolkata]] "GET /" 304 - 0.303 ms  ::1 ipAdress "macOS" userDevice
[2023-06-25T22:38:22+05:30 [Asia/Kolkata]] "GET /" 304 - 0.303 ms  ::1 ipAdress "macOS" userDevice
[2023-06-25T22:38:22+05:30 [Asia/Kolkata]] "GET /" 304 - 0.442 ms  ::1 ipAdress "macOS" userDevice
[2023-06-27T19:22:45+05:30 [Asia/Kolkata]] "GET /api/v1/getMyInfo" 304 - 164.356 ms  ::1 ipAdress "macOS" userDevice
[2023-06-27T19:22:45+05:30 [Asia/Kolkata]] "GET /api/v1/getFeedData" 200 - 234.414 ms  ::1 ipAdress "macOS" userDevice
[2023-06-27T19:45:59+05:30 [Asia/Kolkata]] "POST /api/v1/auth/login" 403 68 111.510 ms  ::1 ipAdress "macOS" userDevice
[2023-06-27T19:46:28+05:30 [Asia/Kolkata]] "POST /api/v1/auth/login" 200 200 120.727 ms  ::1 ipAdress "macOS" userDevice
[2023-06-27T19:46:28+05:30 [Asia/Kolkata]] "GET /api/v1/getMyInfo" 200 - 180.886 ms  ::1 ipAdress "macOS" userDevice
[2023-06-27T19:46:28+05:30 [Asia/Kolkata]] "GET /api/v1/getFeedData" 200 - 220.971 ms  ::1 ipAdress "macOS" userDevice
[2023-06-27T19:46:32+05:30 [Asia/Kolkata]] "POST /api/v1/getUserProfile" 200 - 111.385 ms  ::1 ipAdress "macOS" userDevice
[2023-06-27T19:46:38+05:30 [Asia/Kolkata]] "GET /api/v1/getMyInfo" 304 - 117.728 ms  ::1 ipAdress "macOS" userDevice
[2023-06-27T19:46:43+05:30 [Asia/Kolkata]] "POST /api/v1/deleteMyAccount" 404 162 3.575 ms  ::1 ipAdress "macOS" userDevice
[2023-06-27T19:47:08+05:30 [Asia/Kolkata]] "POST /api/v1/deleteMyAccount" 404 162 4.033 ms  ::1 ipAdress "macOS" userDevice
[2023-06-27T20:01:22+05:30 [Asia/Kolkata]] "POST /api/v1/deleteMyAccount" 404 162 3.468 ms  ::1 ipAdress "macOS" userDevice
[2023-06-27T20:03:35+05:30 [Asia/Kolkata]] "POST /api/v1/deleteMyAccount" 404 162 4.521 ms  ::1 ipAdress "macOS" userDevice
[2023-06-27T20:05:55+05:30 [Asia/Kolkata]] "GET /api/v1/getMyInfo" 304 - 123.385 ms  ::1 ipAdress "macOS" userDevice
[2023-06-27T20:05:58+05:30 [Asia/Kolkata]] "DELETE /api/v1/deleteMyAccount" 200 56 261.971 ms  ::1 ipAdress "macOS" userDevice
[2023-06-27T20:06:07+05:30 [Asia/Kolkata]] "GET /api/v1/getMyInfo" 200 57 51.839 ms  ::1 ipAdress "macOS" userDevice
[2023-06-27T20:06:19+05:30 [Asia/Kolkata]] "GET /api/v1/getFeedData" 400 32 50.411 ms  ::1 ipAdress "macOS" userDevice
[2023-06-27T20:06:19+05:30 [Asia/Kolkata]] "GET /api/v1/getMyInfo" 304 - 48.848 ms  ::1 ipAdress "macOS" userDevice
[2023-06-27T20:07:22+05:30 [Asia/Kolkata]] "POST /api/v1/auth/login" 404 47 47.484 ms  ::1 ipAdress "macOS" userDevice
[2023-06-27T20:07:44+05:30 [Asia/Kolkata]] "POST /api/v1/auth/login" 403 68 140.232 ms  ::1 ipAdress "macOS" userDevice
[2023-06-27T20:07:59+05:30 [Asia/Kolkata]] "POST /api/v1/auth/login" 200 200 159.473 ms  ::1 ipAdress "macOS" userDevice
[2023-06-27T20:08:00+05:30 [Asia/Kolkata]] "GET /api/v1/getMyInfo" 200 - 105.127 ms  ::1 ipAdress "macOS" userDevice
[2023-06-27T20:08:00+05:30 [Asia/Kolkata]] "GET /api/v1/getFeedData" 200 - 148.007 ms  ::1 ipAdress "macOS" userDevice
[2023-06-27T20:08:03+05:30 [Asia/Kolkata]] "POST /api/v1/getUserProfile" 200 - 169.396 ms  ::1 ipAdress "macOS" userDevice
[2023-06-27T20:21:27+05:30 [Asia/Kolkata]] "DELETE /api/v1/deleteMyAccount" 200 56 252.303 ms  ::1 ipAdress "macOS" userDevice
[2023-06-27T20:29:47+05:30 [Asia/Kolkata]] "GET /api/v1/getMyInfo" 200 57 32.600 ms  ::1 ipAdress "macOS" userDevice
[2023-06-27T20:38:57+05:30 [Asia/Kolkata]] "GET /api/v1/getMyInfo" 304 - 63.861 ms  ::1 ipAdress "macOS" userDevice
[2023-06-27T21:04:13+05:30 [Asia/Kolkata]] "GET /api/v1/getMyInfo" 304 - 334.675 ms  ::1 ipAdress "macOS" userDevice
[2023-06-27T21:04:23+05:30 [Asia/Kolkata]] "GET /api/v1/getFeedData" 400 32 274.178 ms  ::1 ipAdress "macOS" userDevice
[2023-06-27T21:04:23+05:30 [Asia/Kolkata]] "GET /api/v1/getMyInfo" 304 - 276.947 ms  ::1 ipAdress "macOS" userDevice
[2023-08-08T17:43:57+05:30 [Asia/Kolkata]] "POST /api/v1/auth/signup" 201 427 2767.963 ms  ::1 ipAdress "macOS" userDevice
[2023-08-08T17:44:59+05:30 [Asia/Kolkata]] "POST /api/v1/auth/login" 403 68 235.223 ms  ::1 ipAdress "macOS" userDevice
[2023-08-08T17:45:24+05:30 [Asia/Kolkata]] "POST /api/v1/auth/login" 200 200 139.808 ms  ::1 ipAdress "macOS" userDevice
[2023-08-08T17:45:25+05:30 [Asia/Kolkata]] "GET /api/v1/getMyInfo" 200 423 33.663 ms  ::1 ipAdress "macOS" userDevice
[2023-08-08T17:45:25+05:30 [Asia/Kolkata]] "GET /api/v1/getFeedData" 200 - 149.271 ms  ::1 ipAdress "macOS" userDevice
[2023-08-08T17:45:33+05:30 [Asia/Kolkata]] "POST /api/v1/follow" 201 54 167.695 ms  ::1 ipAdress "macOS" userDevice
[2023-08-08T17:45:33+05:30 [Asia/Kolkata]] "GET /api/v1/getFeedData" 200 - 306.935 ms  ::1 ipAdress "macOS" userDevice
[2023-08-08T17:45:36+05:30 [Asia/Kolkata]] "POST /api/v1/follow" 200 56 155.570 ms  ::1 ipAdress "macOS" userDevice
[2023-08-08T17:45:37+05:30 [Asia/Kolkata]] "GET /api/v1/getFeedData" 200 - 162.426 ms  ::1 ipAdress "macOS" userDevice
[2023-08-08T17:45:38+05:30 [Asia/Kolkata]] "POST /api/v1/getUserProfile" 200 419 66.279 ms  ::1 ipAdress "macOS" userDevice
[2023-08-08T17:46:02+05:30 [Asia/Kolkata]] "GET /api/v1/getFeedData" 304 - 161.149 ms  ::1 ipAdress "macOS" userDevice
[2023-08-08T18:06:35+05:30 [Asia/Kolkata]] "GET /api/v1/getMyInfo" 200 423 70.115 ms  ::1 ipAdress "macOS" userDevice
[2023-08-08T18:06:35+05:30 [Asia/Kolkata]] "GET /api/v1/getFeedData" 304 - 150.653 ms  ::1 ipAdress "macOS" userDevice
[2023-08-08T18:06:38+05:30 [Asia/Kolkata]] "POST /api/v1/follow" 201 54 162.735 ms  ::1 ipAdress "macOS" userDevice
[2023-08-08T18:06:38+05:30 [Asia/Kolkata]] "GET /api/v1/getFeedData" 200 - 240.731 ms  ::1 ipAdress "macOS" userDevice
[2023-08-08T18:07:22+05:30 [Asia/Kolkata]] "POST /api/v1/follow" 200 56 162.762 ms  ::1 ipAdress "macOS" userDevice
[2023-08-08T18:07:22+05:30 [Asia/Kolkata]] "GET /api/v1/getFeedData" 200 - 143.928 ms  ::1 ipAdress "macOS" userDevice
[2023-08-08T18:07:23+05:30 [Asia/Kolkata]] "POST /api/v1/follow" 201 54 120.079 ms  ::1 ipAdress "macOS" userDevice
[2023-08-08T18:07:24+05:30 [Asia/Kolkata]] "GET /api/v1/getFeedData" 200 - 248.968 ms  ::1 ipAdress "macOS" userDevice
[2023-08-08T18:07:25+05:30 [Asia/Kolkata]] "POST /api/v1/getUserProfile" 200 445 54.044 ms  ::1 ipAdress "macOS" userDevice
[2023-08-08T18:07:50+05:30 [Asia/Kolkata]] "POST /api/v1/auth/login" 200 200 150.376 ms  ::1 ipAdress "macOS" userDevice
[2023-08-08T18:07:50+05:30 [Asia/Kolkata]] "GET /api/v1/getMyInfo" 200 449 44.258 ms  ::1 ipAdress "macOS" userDevice
[2023-08-08T18:07:50+05:30 [Asia/Kolkata]] "GET /api/v1/getFeedData" 304 - 213.199 ms  ::1 ipAdress "macOS" userDevice
[2023-08-08T18:07:53+05:30 [Asia/Kolkata]] "POST /api/v1/follow" 200 56 140.743 ms  ::1 ipAdress "macOS" userDevice
[2023-08-08T18:07:53+05:30 [Asia/Kolkata]] "GET /api/v1/getFeedData" 200 - 119.335 ms  ::1 ipAdress "macOS" userDevice
[2023-08-08T18:07:54+05:30 [Asia/Kolkata]] "POST /api/v1/follow" 201 54 146.983 ms  ::1 ipAdress "macOS" userDevice
[2023-08-08T18:07:54+05:30 [Asia/Kolkata]] "GET /api/v1/getFeedData" 200 - 204.534 ms  ::1 ipAdress "macOS" userDevice
[2023-08-08T18:08:00+05:30 [Asia/Kolkata]] "POST /api/v1/like" 200 572 122.609 ms  ::1 ipAdress "macOS" userDevice
[2023-08-08T18:08:01+05:30 [Asia/Kolkata]] "POST /api/v1/like" 200 563 136.501 ms  ::1 ipAdress "macOS" userDevice
[2023-08-08T18:10:49+05:30 [Asia/Kolkata]] "GET /api/v1/getMyInfo" 200 449 79.145 ms  ::1 ipAdress "macOS" userDevice
[2023-08-08T18:10:49+05:30 [Asia/Kolkata]] "GET /api/v1/getFeedData" 304 - 249.373 ms  ::1 ipAdress "macOS" userDevice
[2023-08-08T18:19:44+05:30 [Asia/Kolkata]] "GET /api/v1/getMyInfo" 304 - 51.570 ms  ::1 ipAdress "macOS" userDevice
[2023-08-08T18:19:44+05:30 [Asia/Kolkata]] "GET /api/v1/getFeedData" 304 - 206.206 ms  ::1 ipAdress "macOS" userDevice
[2023-08-09T15:50:03+05:30 [Asia/Kolkata]] "GET /api/v1/getMyInfo" 304 - 48.635 ms  ::1 ipAdress "macOS" userDevice
[2023-08-09T15:50:03+05:30 [Asia/Kolkata]] "GET /api/v1/getFeedData" 200 - 217.871 ms  ::1 ipAdress "macOS" userDevice
[2023-08-24T20:01:54+05:30 [Asia/Kolkata]] "POST /api/v1/auth/signup" 201 424 3290.253 ms  ::1 ipAdress "macOS" userDevice
[2023-08-24T20:02:07+05:30 [Asia/Kolkata]] "POST /api/v1/auth/login" 200 200 119.380 ms  ::1 ipAdress "macOS" userDevice
[2023-08-24T20:02:07+05:30 [Asia/Kolkata]] "GET /api/v1/getMyInfo" 200 420 91.683 ms  ::1 ipAdress "macOS" userDevice
[2023-08-24T20:02:07+05:30 [Asia/Kolkata]] "GET /api/v1/getFeedData" 200 - 262.971 ms  ::1 ipAdress "macOS" userDevice
[2023-08-24T20:02:14+05:30 [Asia/Kolkata]] "GET /api/v1/getMyInfo" 304 - 43.922 ms  ::1 ipAdress "macOS" userDevice
[2023-08-24T20:02:15+05:30 [Asia/Kolkata]] "GET /api/v1/getFeedData" 304 - 122.919 ms  ::1 ipAdress "macOS" userDevice
[2023-08-25T00:55:14+05:30 [Asia/Kolkata]] "GET /api/v1/getMyInfo" 304 - 362.668 ms  ::1 ipAdress "macOS" userDevice
[2023-08-25T00:55:14+05:30 [Asia/Kolkata]] "GET /api/v1/getFeedData" 304 - 429.522 ms  ::1 ipAdress "macOS" userDevice
[2023-08-25T00:55:15+05:30 [Asia/Kolkata]] "GET /api/v1/getMyInfo" 304 - 45.639 ms  ::1 ipAdress "macOS" userDevice
[2023-08-25T00:55:15+05:30 [Asia/Kolkata]] "GET /api/v1/getFeedData" 304 - 120.143 ms  ::1 ipAdress "macOS" userDevice
[2023-08-25T00:55:15+05:30 [Asia/Kolkata]] "GET /api/v1/getMyInfo" 304 - 35.649 ms  ::1 ipAdress "macOS" userDevice
[2023-08-25T00:55:15+05:30 [Asia/Kolkata]] "GET /api/v1/getFeedData" 304 - 128.119 ms  ::1 ipAdress "macOS" userDevice
[2023-08-25T00:55:16+05:30 [Asia/Kolkata]] "GET /api/v1/getMyInfo" 304 - 35.704 ms  ::1 ipAdress "macOS" userDevice
[2023-08-25T00:55:16+05:30 [Asia/Kolkata]] "GET /api/v1/getFeedData" 304 - 117.513 ms  ::1 ipAdress "macOS" userDevice
[2023-08-25T00:55:16+05:30 [Asia/Kolkata]] "GET /api/v1/getMyInfo" 304 - 38.964 ms  ::1 ipAdress "macOS" userDevice
[2023-08-25T00:55:16+05:30 [Asia/Kolkata]] "GET /api/v1/getFeedData" 304 - 96.412 ms  ::1 ipAdress "macOS" userDevice
[2023-08-25T00:55:16+05:30 [Asia/Kolkata]] "GET /api/v1/getMyInfo" 304 - 32.948 ms  ::1 ipAdress "macOS" userDevice
[2023-08-25T00:55:16+05:30 [Asia/Kolkata]] "GET /api/v1/getFeedData" 304 - 101.909 ms  ::1 ipAdress "macOS" userDevice
[2023-08-25T00:55:17+05:30 [Asia/Kolkata]] "GET /api/v1/getMyInfo" 304 - 53.861 ms  ::1 ipAdress "macOS" userDevice
[2023-08-25T00:55:17+05:30 [Asia/Kolkata]] "GET /api/v1/getFeedData" 304 - 122.971 ms  ::1 ipAdress "macOS" userDevice
[2023-08-25T00:55:21+05:30 [Asia/Kolkata]] "POST /api/v1/follow" 201 54 329.871 ms  ::1 ipAdress "macOS" userDevice
[2023-08-25T00:55:21+05:30 [Asia/Kolkata]] "GET /api/v1/getFeedData" 200 - 174.699 ms  ::1 ipAdress "macOS" userDevice
[2023-08-25T00:55:23+05:30 [Asia/Kolkata]] "POST /api/v1/follow" 201 54 122.260 ms  ::1 ipAdress "macOS" userDevice
[2023-08-25T00:55:23+05:30 [Asia/Kolkata]] "GET /api/v1/getFeedData" 200 - 213.769 ms  ::1 ipAdress "macOS" userDevice
[2023-08-25T00:55:25+05:30 [Asia/Kolkata]] "POST /api/v1/follow" 200 56 99.257 ms  ::1 ipAdress "macOS" userDevice
[2023-08-25T00:55:25+05:30 [Asia/Kolkata]] "GET /api/v1/getFeedData" 200 - 150.079 ms  ::1 ipAdress "macOS" userDevice
[2023-08-25T00:55:26+05:30 [Asia/Kolkata]] "POST /api/v1/follow" 200 56 103.364 ms  ::1 ipAdress "macOS" userDevice
[2023-08-25T00:55:26+05:30 [Asia/Kolkata]] "GET /api/v1/getFeedData" 200 - 88.608 ms  ::1 ipAdress "macOS" userDevice
[2023-08-28T01:05:34+05:30 [Asia/Kolkata]] "GET /api/v1/getMyInfo" 200 420 1636.122 ms  ::1 ipAdress "macOS" userDevice
[2023-08-28T01:05:34+05:30 [Asia/Kolkata]] "GET /api/v1/getFeedData" 304 - 1827.655 ms  ::1 ipAdress "macOS" userDevice
[2023-08-28T01:05:50+05:30 [Asia/Kolkata]] "GET /api/v1/getMyInfo" 304 - 1492.444 ms  ::1 ipAdress "macOS" userDevice
[2023-08-28T01:05:50+05:30 [Asia/Kolkata]] "GET /api/v1/getFeedData" 304 - 1705.258 ms  ::1 ipAdress "macOS" userDevice
[2023-09-16T22:18:18+05:30 [Asia/Kolkata]] "GET /" 200 11 2.749 ms  ::1 ipAdress "macOS" userDevice
[2023-09-16T22:18:18+05:30 [Asia/Kolkata]] "GET /favicon.ico" 404 150 2.216 ms  ::1 ipAdress "macOS" userDevice
[2023-10-28T20:32:43+05:30 [Asia/Kolkata]] "GET /" 200 11 3.625 ms  ::1 ipAdress "macOS" userDevice
[2023-10-28T20:32:43+05:30 [Asia/Kolkata]] "GET /favicon.ico" 404 150 2.464 ms  ::1 ipAdress "macOS" userDevice
[2023-10-28T20:32:48+05:30 [Asia/Kolkata]] "GET /logs" 200 - 2.163 ms  ::1 ipAdress "macOS" userDevice
